<?xml version="1.0" encoding="UTF-8"?>
<testsuite name="ProductServiceTests" tests="2" skipped="0" failures="0" errors="0" timestamp="2021-03-16T14:23:22" hostname="DESKTOP-98ONLG" time="0.003">
  <properties/>
  <testcase name="testPriceSum" classname="ProductServiceTests" time="0.002"/>
  <testcase name="testCountDiscount" classname="ProductServiceTests" time="0.001"/>
  <system-out><![CDATA[]]></system-out>
  <system-err><![CDATA[]]></system-err>
</testsuite>
